0 info it worked if it ends with ok
1 verbose cli [ 'C:\\Program Files\\nodejs\\node.exe',
1 verbose cli   'C:\\Program Files\\nodejs\\node_modules\\npm\\bin\\npm-cli.js',
1 verbose cli   'install',
1 verbose cli   'ionic-timepicker',
1 verbose cli   '--save' ]
2 info using npm@2.15.0
3 info using node@v4.4.2
4 verbose install initial load of F:\node_todo\package.json
5 warn package.json node_1@1.0.0 No description
6 warn package.json node_1@1.0.0 No repository field.
7 warn package.json node_1@1.0.0 No README data
8 verbose installManyTop reading scoped package data from F:\node_todo\node_modules\body-parser\package.json
9 verbose installManyTop reading scoped package data from F:\node_todo\node_modules\express\package.json
10 verbose installManyTop reading scoped package data from F:\node_todo\node_modules\fs\package.json
11 verbose installManyTop reading scoped package data from F:\node_todo\node_modules\method-override\package.json
12 verbose installManyTop reading scoped package data from F:\node_todo\node_modules\path\package.json
13 info package.json fs@0.0.2 fs is also the name of a node core module.
14 info package.json fs@0.0.2 No description
15 info package.json fs@0.0.2 No repository field.
16 info package.json fs@0.0.2 No README data
17 info package.json path@0.12.7 path is also the name of a node core module.
18 verbose readDependencies loading dependencies from F:\node_todo\package.json
19 silly cache add args [ 'ionic-timepicker', null ]
20 verbose cache add spec ionic-timepicker
21 silly cache add parsed spec Result {
21 silly cache add   raw: 'ionic-timepicker',
21 silly cache add   scope: null,
21 silly cache add   name: 'ionic-timepicker',
21 silly cache add   rawSpec: '',
21 silly cache add   spec: 'latest',
21 silly cache add   type: 'tag' }
22 silly addNamed ionic-timepicker@latest
23 verbose addNamed "latest" is being treated as a dist-tag for ionic-timepicker
24 info addNameTag [ 'ionic-timepicker', 'latest' ]
25 silly mapToRegistry name ionic-timepicker
26 silly mapToRegistry using default registry
27 silly mapToRegistry registry https://registry.npmjs.org/
28 silly mapToRegistry data Result {
28 silly mapToRegistry   raw: 'ionic-timepicker',
28 silly mapToRegistry   scope: null,
28 silly mapToRegistry   name: 'ionic-timepicker',
28 silly mapToRegistry   rawSpec: '',
28 silly mapToRegistry   spec: 'latest',
28 silly mapToRegistry   type: 'tag' }
29 silly mapToRegistry uri https://registry.npmjs.org/ionic-timepicker
30 verbose addNameTag registry:https://registry.npmjs.org/ionic-timepicker not in flight; fetching
31 verbose request uri https://registry.npmjs.org/ionic-timepicker
32 verbose request no auth needed
33 info attempt registry request try #1 at 2:05:04 AM
34 verbose request id 202b689ecb3aa17b
35 http request GET https://registry.npmjs.org/ionic-timepicker
36 http 404 https://registry.npmjs.org/ionic-timepicker
37 verbose headers { server: 'CouchDB/1.5.0 (Erlang OTP/R16B03)',
37 verbose headers   etag: '"2RTYHYMG2EAYJSUNYSDFQ83W9"',
37 verbose headers   'content-type': 'application/json',
37 verbose headers   'cache-control': 'max-age=0',
37 verbose headers   'content-length': '443',
37 verbose headers   'accept-ranges': 'bytes',
37 verbose headers   date: 'Fri, 29 Apr 2016 20:34:52 GMT',
37 verbose headers   via: '1.1 varnish',
37 verbose headers   age: '0',
37 verbose headers   connection: 'keep-alive',
37 verbose headers   'x-served-by': 'cache-sin6927-SIN',
37 verbose headers   'x-cache': 'MISS',
37 verbose headers   'x-cache-hits': '0',
37 verbose headers   'x-timer': 'S1461962092.641198,VS0,VE247',
37 verbose headers   vary: 'Accept-Encoding' }
38 silly get cb [ 404,
38 silly get   { server: 'CouchDB/1.5.0 (Erlang OTP/R16B03)',
38 silly get     etag: '"2RTYHYMG2EAYJSUNYSDFQ83W9"',
38 silly get     'content-type': 'application/json',
38 silly get     'cache-control': 'max-age=0',
38 silly get     'content-length': '443',
38 silly get     'accept-ranges': 'bytes',
38 silly get     date: 'Fri, 29 Apr 2016 20:34:52 GMT',
38 silly get     via: '1.1 varnish',
38 silly get     age: '0',
38 silly get     connection: 'keep-alive',
38 silly get     'x-served-by': 'cache-sin6927-SIN',
38 silly get     'x-cache': 'MISS',
38 silly get     'x-cache-hits': '0',
38 silly get     'x-timer': 'S1461962092.641198,VS0,VE247',
38 silly get     vary: 'Accept-Encoding' } ]
39 verbose stack Error: Registry returned 404 for GET on https://registry.npmjs.org/ionic-timepicker
39 verbose stack     at makeError (C:\Program Files\nodejs\node_modules\npm\node_modules\npm-registry-client\lib\request.js:264:12)
39 verbose stack     at CachingRegistryClient.<anonymous> (C:\Program Files\nodejs\node_modules\npm\node_modules\npm-registry-client\lib\request.js:242:14)
39 verbose stack     at Request._callback (C:\Program Files\nodejs\node_modules\npm\node_modules\npm-registry-client\lib\request.js:172:14)
39 verbose stack     at Request.self.callback (C:\Program Files\nodejs\node_modules\npm\node_modules\request\request.js:199:22)
39 verbose stack     at emitTwo (events.js:87:13)
39 verbose stack     at Request.emit (events.js:172:7)
39 verbose stack     at Request.<anonymous> (C:\Program Files\nodejs\node_modules\npm\node_modules\request\request.js:1036:10)
39 verbose stack     at emitOne (events.js:82:20)
39 verbose stack     at Request.emit (events.js:169:7)
39 verbose stack     at IncomingMessage.<anonymous> (C:\Program Files\nodejs\node_modules\npm\node_modules\request\request.js:963:12)
40 verbose statusCode 404
41 verbose pkgid ionic-timepicker
42 verbose cwd F:\node_todo
43 error Windows_NT 10.0.10586
44 error argv "C:\\Program Files\\nodejs\\node.exe" "C:\\Program Files\\nodejs\\node_modules\\npm\\bin\\npm-cli.js" "install" "ionic-timepicker" "--save"
45 error node v4.4.2
46 error npm  v2.15.0
47 error code E404
48 error 404 Registry returned 404 for GET on https://registry.npmjs.org/ionic-timepicker
48 error 404
48 error 404 'ionic-timepicker' is not in the npm registry.
48 error 404 You should bug the author to publish it (or use the name yourself!)
48 error 404 It was specified as a dependency of 'node_1'
48 error 404
48 error 404 Note that you can also install from a
48 error 404 tarball, folder, http url, or git url.
49 verbose exit [ 1, true ]
